<testsuites id="" name="" tests="114" failures="67" skipped="29" errors="0" time="371.387846">
<testsuite name="access.control.spec.ts" timestamp="2025-09-06T20:39:18.478Z" hostname="chromium" tests="14" failures="12" skipped="0" time="303.366" errors="0">
<testcase name="Access Control &amp; Authorization › Protected Route Access › should redirect to login when accessing protected route without authentication" classname="access.control.spec.ts" time="15.199">
<failure message="access.control.spec.ts:13:13 should redirect to login when accessing protected route without authentication" type="FAILURE">
<![CDATA[  [chromium] › access.control.spec.ts:13:13 › Access Control & Authorization › Protected Route Access › should redirect to login when accessing protected route without authentication 

    Error: expect(received).toBe(expected) // Object.is equality

    Expected: true
    Received: false

      28 |
      29 |                 // Should be redirected to login page
    > 30 |                 expect(await authPage.isOnLoginPage()).toBe(true);
         |                                                        ^
      31 |
      32 |                 // TODO: Verify URL contains login path or query parameter
      33 |                 // expect(page.url()).toMatch(/login/);
        at C:\Users\Carlo\qa-assessment-fastapi-playwright-carlos-daniel\tests\access.control.spec.ts:30:56

    attachment #1: screenshot (image/png) ──────────────────────────────────────────────────────────
    ..\test-results\access.control-Access-Cont-42358-oute-without-authentication-chromium\test-failed-1.png
    ────────────────────────────────────────────────────────────────────────────────────────────────

    Error Context: ..\test-results\access.control-Access-Cont-42358-oute-without-authentication-chromium\error-context.md

    attachment #3: trace (application/zip) ─────────────────────────────────────────────────────────
    ..\test-results\access.control-Access-Cont-42358-oute-without-authentication-chromium\trace.zip
    Usage:

        npx playwright show-trace ..\test-results\access.control-Access-Cont-42358-oute-without-authentication-chromium\trace.zip

    ────────────────────────────────────────────────────────────────────────────────────────────────

    Retry #1 ───────────────────────────────────────────────────────────────────────────────────────

    Error: expect(received).toBe(expected) // Object.is equality

    Expected: true
    Received: false

      28 |
      29 |                 // Should be redirected to login page
    > 30 |                 expect(await authPage.isOnLoginPage()).toBe(true);
         |                                                        ^
      31 |
      32 |                 // TODO: Verify URL contains login path or query parameter
      33 |                 // expect(page.url()).toMatch(/login/);
        at C:\Users\Carlo\qa-assessment-fastapi-playwright-carlos-daniel\tests\access.control.spec.ts:30:56

    attachment #1: screenshot (image/png) ──────────────────────────────────────────────────────────
    ..\test-results\access.control-Access-Cont-42358-oute-without-authentication-chromium-retry1\test-failed-1.png
    ────────────────────────────────────────────────────────────────────────────────────────────────

    Error Context: ..\test-results\access.control-Access-Cont-42358-oute-without-authentication-chromium-retry1\error-context.md

    attachment #3: trace (application/zip) ─────────────────────────────────────────────────────────
    ..\test-results\access.control-Access-Cont-42358-oute-without-authentication-chromium-retry1\trace.zip
    Usage:

        npx playwright show-trace ..\test-results\access.control-Access-Cont-42358-oute-without-authentication-chromium-retry1\trace.zip

    ────────────────────────────────────────────────────────────────────────────────────────────────
]]>
</failure>
<system-out>
<![CDATA[
[[ATTACHMENT|..\test-results\access.control-Access-Cont-42358-oute-without-authentication-chromium\test-failed-1.png]]

[[ATTACHMENT|..\test-results\access.control-Access-Cont-42358-oute-without-authentication-chromium\error-context.md]]

[[ATTACHMENT|..\test-results\access.control-Access-Cont-42358-oute-without-authentication-chromium\trace.zip]]

[[ATTACHMENT|..\test-results\access.control-Access-Cont-42358-oute-without-authentication-chromium-retry1\test-failed-1.png]]

[[ATTACHMENT|..\test-results\access.control-Access-Cont-42358-oute-without-authentication-chromium-retry1\error-context.md]]

[[ATTACHMENT|..\test-results\access.control-Access-Cont-42358-oute-without-authentication-chromium-retry1\trace.zip]]
]]>
</system-out>
</testcase>
<testcase name="Access Control &amp; Authorization › Protected Route Access › should allow access to protected routes after authentication" classname="access.control.spec.ts" time="25.757">
<failure message="access.control.spec.ts:39:13 should allow access to protected routes after authentication" type="FAILURE">
<![CDATA[  [chromium] › access.control.spec.ts:39:13 › Access Control & Authorization › Protected Route Access › should allow access to protected routes after authentication 

    Error: expect(received).toBe(expected) // Object.is equality

    Expected: true
    Received: false

      40 |             // Login first
      41 |             await authPage.login();
    > 42 |             expect(await authPage.isLoggedIn()).toBe(true);
         |                                                 ^
      43 |
      44 |             // TODO: Test access to various protected routes
      45 |             const protectedRoutes = [
        at C:\Users\Carlo\qa-assessment-fastapi-playwright-carlos-daniel\tests\access.control.spec.ts:42:49

    attachment #1: screenshot (image/png) ──────────────────────────────────────────────────────────
    ..\test-results\access.control-Access-Cont-db59f-routes-after-authentication-chromium\test-failed-1.png
    ────────────────────────────────────────────────────────────────────────────────────────────────

    Error Context: ..\test-results\access.control-Access-Cont-db59f-routes-after-authentication-chromium\error-context.md

    attachment #3: trace (application/zip) ─────────────────────────────────────────────────────────
    ..\test-results\access.control-Access-Cont-db59f-routes-after-authentication-chromium\trace.zip
    Usage:

        npx playwright show-trace ..\test-results\access.control-Access-Cont-db59f-routes-after-authentication-chromium\trace.zip

    ────────────────────────────────────────────────────────────────────────────────────────────────

    Retry #1 ───────────────────────────────────────────────────────────────────────────────────────

    Error: expect(received).toBe(expected) // Object.is equality

    Expected: true
    Received: false

      40 |             // Login first
      41 |             await authPage.login();
    > 42 |             expect(await authPage.isLoggedIn()).toBe(true);
         |                                                 ^
      43 |
      44 |             // TODO: Test access to various protected routes
      45 |             const protectedRoutes = [
        at C:\Users\Carlo\qa-assessment-fastapi-playwright-carlos-daniel\tests\access.control.spec.ts:42:49

    attachment #1: screenshot (image/png) ──────────────────────────────────────────────────────────
    ..\test-results\access.control-Access-Cont-db59f-routes-after-authentication-chromium-retry1\test-failed-1.png
    ────────────────────────────────────────────────────────────────────────────────────────────────

    Error Context: ..\test-results\access.control-Access-Cont-db59f-routes-after-authentication-chromium-retry1\error-context.md

    attachment #3: trace (application/zip) ─────────────────────────────────────────────────────────
    ..\test-results\access.control-Access-Cont-db59f-routes-after-authentication-chromium-retry1\trace.zip
    Usage:

        npx playwright show-trace ..\test-results\access.control-Access-Cont-db59f-routes-after-authentication-chromium-retry1\trace.zip

    ────────────────────────────────────────────────────────────────────────────────────────────────
]]>
</failure>
<system-out>
<![CDATA[
[[ATTACHMENT|..\test-results\access.control-Access-Cont-db59f-routes-after-authentication-chromium\test-failed-1.png]]

[[ATTACHMENT|..\test-results\access.control-Access-Cont-db59f-routes-after-authentication-chromium\error-context.md]]

[[ATTACHMENT|..\test-results\access.control-Access-Cont-db59f-routes-after-authentication-chromium\trace.zip]]

[[ATTACHMENT|..\test-results\access.control-Access-Cont-db59f-routes-after-authentication-chromium-retry1\test-failed-1.png]]

[[ATTACHMENT|..\test-results\access.control-Access-Cont-db59f-routes-after-authentication-chromium-retry1\error-context.md]]

[[ATTACHMENT|..\test-results\access.control-Access-Cont-db59f-routes-after-authentication-chromium-retry1\trace.zip]]
]]>
</system-out>
</testcase>
<testcase name="Access Control &amp; Authorization › Protected Route Access › should handle session expiration gracefully" classname="access.control.spec.ts" time="25.488">
<failure message="access.control.spec.ts:64:13 should handle session expiration gracefully" type="FAILURE">
<![CDATA[  [chromium] › access.control.spec.ts:64:13 › Access Control & Authorization › Protected Route Access › should handle session expiration gracefully 

    Error: expect(received).toBe(expected) // Object.is equality

    Expected: true
    Received: false

      65 |             // Login first
      66 |             await authPage.login();
    > 67 |             expect(await authPage.isLoggedIn()).toBe(true);
         |                                                 ^
      68 |
      69 |             // TODO: Simulate session expiration
      70 |             // This depends on how the app handles sessions
        at C:\Users\Carlo\qa-assessment-fastapi-playwright-carlos-daniel\tests\access.control.spec.ts:67:49

    attachment #1: screenshot (image/png) ──────────────────────────────────────────────────────────
    ..\test-results\access.control-Access-Cont-fe139-ssion-expiration-gracefully-chromium\test-failed-1.png
    ────────────────────────────────────────────────────────────────────────────────────────────────

    Error Context: ..\test-results\access.control-Access-Cont-fe139-ssion-expiration-gracefully-chromium\error-context.md

    attachment #3: trace (application/zip) ─────────────────────────────────────────────────────────
    ..\test-results\access.control-Access-Cont-fe139-ssion-expiration-gracefully-chromium\trace.zip
    Usage:

        npx playwright show-trace ..\test-results\access.control-Access-Cont-fe139-ssion-expiration-gracefully-chromium\trace.zip

    ────────────────────────────────────────────────────────────────────────────────────────────────

    Retry #1 ───────────────────────────────────────────────────────────────────────────────────────

    Error: expect(received).toBe(expected) // Object.is equality

    Expected: true
    Received: false

      65 |             // Login first
      66 |             await authPage.login();
    > 67 |             expect(await authPage.isLoggedIn()).toBe(true);
         |                                                 ^
      68 |
      69 |             // TODO: Simulate session expiration
      70 |             // This depends on how the app handles sessions
        at C:\Users\Carlo\qa-assessment-fastapi-playwright-carlos-daniel\tests\access.control.spec.ts:67:49

    attachment #1: screenshot (image/png) ──────────────────────────────────────────────────────────
    ..\test-results\access.control-Access-Cont-fe139-ssion-expiration-gracefully-chromium-retry1\test-failed-1.png
    ────────────────────────────────────────────────────────────────────────────────────────────────

    Error Context: ..\test-results\access.control-Access-Cont-fe139-ssion-expiration-gracefully-chromium-retry1\error-context.md

    attachment #3: trace (application/zip) ─────────────────────────────────────────────────────────
    ..\test-results\access.control-Access-Cont-fe139-ssion-expiration-gracefully-chromium-retry1\trace.zip
    Usage:

        npx playwright show-trace ..\test-results\access.control-Access-Cont-fe139-ssion-expiration-gracefully-chromium-retry1\trace.zip

    ────────────────────────────────────────────────────────────────────────────────────────────────
]]>
</failure>
<system-out>
<![CDATA[
[[ATTACHMENT|..\test-results\access.control-Access-Cont-fe139-ssion-expiration-gracefully-chromium\test-failed-1.png]]

[[ATTACHMENT|..\test-results\access.control-Access-Cont-fe139-ssion-expiration-gracefully-chromium\error-context.md]]

[[ATTACHMENT|..\test-results\access.control-Access-Cont-fe139-ssion-expiration-gracefully-chromium\trace.zip]]

[[ATTACHMENT|..\test-results\access.control-Access-Cont-fe139-ssion-expiration-gracefully-chromium-retry1\test-failed-1.png]]

[[ATTACHMENT|..\test-results\access.control-Access-Cont-fe139-ssion-expiration-gracefully-chromium-retry1\error-context.md]]

[[ATTACHMENT|..\test-results\access.control-Access-Cont-fe139-ssion-expiration-gracefully-chromium-retry1\trace.zip]]
]]>
</system-out>
</testcase>
<testcase name="Access Control &amp; Authorization › Protected Route Access › should prevent access to admin routes for non-admin users" classname="access.control.spec.ts" time="7.519">
</testcase>
<testcase name="Access Control &amp; Authorization › Logout Behavior › should logout successfully and clear session" classname="access.control.spec.ts" time="24.783">
<failure message="access.control.spec.ts:122:13 should logout successfully and clear session" type="FAILURE">
<![CDATA[  [chromium] › access.control.spec.ts:122:13 › Access Control & Authorization › Logout Behavior › should logout successfully and clear session 

    Error: expect(received).toBe(expected) // Object.is equality

    Expected: true
    Received: false

      123 |             // Login first
      124 |             await authPage.login();
    > 125 |             expect(await authPage.isLoggedIn()).toBe(true);
          |                                                 ^
      126 |
      127 |             // Logout
      128 |             await authPage.logout();
        at C:\Users\Carlo\qa-assessment-fastapi-playwright-carlos-daniel\tests\access.control.spec.ts:125:49

    attachment #1: screenshot (image/png) ──────────────────────────────────────────────────────────
    ..\test-results\access.control-Access-Cont-04b09-cessfully-and-clear-session-chromium\test-failed-1.png
    ────────────────────────────────────────────────────────────────────────────────────────────────

    Error Context: ..\test-results\access.control-Access-Cont-04b09-cessfully-and-clear-session-chromium\error-context.md

    attachment #3: trace (application/zip) ─────────────────────────────────────────────────────────
    ..\test-results\access.control-Access-Cont-04b09-cessfully-and-clear-session-chromium\trace.zip
    Usage:

        npx playwright show-trace ..\test-results\access.control-Access-Cont-04b09-cessfully-and-clear-session-chromium\trace.zip

    ────────────────────────────────────────────────────────────────────────────────────────────────

    Retry #1 ───────────────────────────────────────────────────────────────────────────────────────

    Error: expect(received).toBe(expected) // Object.is equality

    Expected: true
    Received: false

      123 |             // Login first
      124 |             await authPage.login();
    > 125 |             expect(await authPage.isLoggedIn()).toBe(true);
          |                                                 ^
      126 |
      127 |             // Logout
      128 |             await authPage.logout();
        at C:\Users\Carlo\qa-assessment-fastapi-playwright-carlos-daniel\tests\access.control.spec.ts:125:49

    attachment #1: screenshot (image/png) ──────────────────────────────────────────────────────────
    ..\test-results\access.control-Access-Cont-04b09-cessfully-and-clear-session-chromium-retry1\test-failed-1.png
    ────────────────────────────────────────────────────────────────────────────────────────────────

    Error Context: ..\test-results\access.control-Access-Cont-04b09-cessfully-and-clear-session-chromium-retry1\error-context.md

    attachment #3: trace (application/zip) ─────────────────────────────────────────────────────────
    ..\test-results\access.control-Access-Cont-04b09-cessfully-and-clear-session-chromium-retry1\trace.zip
    Usage:

        npx playwright show-trace ..\test-results\access.control-Access-Cont-04b09-cessfully-and-clear-session-chromium-retry1\trace.zip

    ────────────────────────────────────────────────────────────────────────────────────────────────
]]>
</failure>
<system-out>
<![CDATA[
[[ATTACHMENT|..\test-results\access.control-Access-Cont-04b09-cessfully-and-clear-session-chromium\test-failed-1.png]]

[[ATTACHMENT|..\test-results\access.control-Access-Cont-04b09-cessfully-and-clear-session-chromium\error-context.md]]

[[ATTACHMENT|..\test-results\access.control-Access-Cont-04b09-cessfully-and-clear-session-chromium\trace.zip]]

[[ATTACHMENT|..\test-results\access.control-Access-Cont-04b09-cessfully-and-clear-session-chromium-retry1\test-failed-1.png]]

[[ATTACHMENT|..\test-results\access.control-Access-Cont-04b09-cessfully-and-clear-session-chromium-retry1\error-context.md]]

[[ATTACHMENT|..\test-results\access.control-Access-Cont-04b09-cessfully-and-clear-session-chromium-retry1\trace.zip]]
]]>
</system-out>
</testcase>
<testcase name="Access Control &amp; Authorization › Logout Behavior › should prevent back button access to protected pages after logout" classname="access.control.spec.ts" time="25.947">
<failure message="access.control.spec.ts:140:13 should prevent back button access to protected pages after logout" type="FAILURE">
<![CDATA[  [chromium] › access.control.spec.ts:140:13 › Access Control & Authorization › Logout Behavior › should prevent back button access to protected pages after logout 

    Error: expect(received).toBe(expected) // Object.is equality

    Expected: true
    Received: false

      143 |             await page.goto('/dashboard');
      144 |             await authPage.waitForPageLoad();
    > 145 |             expect(await authPage.isLoggedIn()).toBe(true);
          |                                                 ^
      146 |
      147 |             // Logout
      148 |             await authPage.logout();
        at C:\Users\Carlo\qa-assessment-fastapi-playwright-carlos-daniel\tests\access.control.spec.ts:145:49

    attachment #1: screenshot (image/png) ──────────────────────────────────────────────────────────
    ..\test-results\access.control-Access-Cont-3613f-rotected-pages-after-logout-chromium\test-failed-1.png
    ────────────────────────────────────────────────────────────────────────────────────────────────

    Error Context: ..\test-results\access.control-Access-Cont-3613f-rotected-pages-after-logout-chromium\error-context.md

    attachment #3: trace (application/zip) ─────────────────────────────────────────────────────────
    ..\test-results\access.control-Access-Cont-3613f-rotected-pages-after-logout-chromium\trace.zip
    Usage:

        npx playwright show-trace ..\test-results\access.control-Access-Cont-3613f-rotected-pages-after-logout-chromium\trace.zip

    ────────────────────────────────────────────────────────────────────────────────────────────────

    Retry #1 ───────────────────────────────────────────────────────────────────────────────────────

    Error: expect(received).toBe(expected) // Object.is equality

    Expected: true
    Received: false

      143 |             await page.goto('/dashboard');
      144 |             await authPage.waitForPageLoad();
    > 145 |             expect(await authPage.isLoggedIn()).toBe(true);
          |                                                 ^
      146 |
      147 |             // Logout
      148 |             await authPage.logout();
        at C:\Users\Carlo\qa-assessment-fastapi-playwright-carlos-daniel\tests\access.control.spec.ts:145:49

    attachment #1: screenshot (image/png) ──────────────────────────────────────────────────────────
    ..\test-results\access.control-Access-Cont-3613f-rotected-pages-after-logout-chromium-retry1\test-failed-1.png
    ────────────────────────────────────────────────────────────────────────────────────────────────

    Error Context: ..\test-results\access.control-Access-Cont-3613f-rotected-pages-after-logout-chromium-retry1\error-context.md

    attachment #3: trace (application/zip) ─────────────────────────────────────────────────────────
    ..\test-results\access.control-Access-Cont-3613f-rotected-pages-after-logout-chromium-retry1\trace.zip
    Usage:

        npx playwright show-trace ..\test-results\access.control-Access-Cont-3613f-rotected-pages-after-logout-chromium-retry1\trace.zip

    ────────────────────────────────────────────────────────────────────────────────────────────────
]]>
</failure>
<system-out>
<![CDATA[
[[ATTACHMENT|..\test-results\access.control-Access-Cont-3613f-rotected-pages-after-logout-chromium\test-failed-1.png]]

[[ATTACHMENT|..\test-results\access.control-Access-Cont-3613f-rotected-pages-after-logout-chromium\error-context.md]]

[[ATTACHMENT|..\test-results\access.control-Access-Cont-3613f-rotected-pages-after-logout-chromium\trace.zip]]

[[ATTACHMENT|..\test-results\access.control-Access-Cont-3613f-rotected-pages-after-logout-chromium-retry1\test-failed-1.png]]

[[ATTACHMENT|..\test-results\access.control-Access-Cont-3613f-rotected-pages-after-logout-chromium-retry1\error-context.md]]

[[ATTACHMENT|..\test-results\access.control-Access-Cont-3613f-rotected-pages-after-logout-chromium-retry1\trace.zip]]
]]>
</system-out>
</testcase>
<testcase name="Access Control &amp; Authorization › Logout Behavior › should handle logout from multiple tabs/windows" classname="access.control.spec.ts" time="25.381">
<failure message="access.control.spec.ts:164:13 should handle logout from multiple tabs/windows" type="FAILURE">
<![CDATA[  [chromium] › access.control.spec.ts:164:13 › Access Control & Authorization › Logout Behavior › should handle logout from multiple tabs/windows 

    Error: expect(received).toBe(expected) // Object.is equality

    Expected: true
    Received: false

      165 |             // Login in first tab
      166 |             await authPage.login();
    > 167 |             expect(await authPage.isLoggedIn()).toBe(true);
          |                                                 ^
      168 |
      169 |             // Open second tab/page
      170 |             const secondPage = await context.newPage();
        at C:\Users\Carlo\qa-assessment-fastapi-playwright-carlos-daniel\tests\access.control.spec.ts:167:49

    attachment #1: screenshot (image/png) ──────────────────────────────────────────────────────────
    ..\test-results\access.control-Access-Cont-516df--from-multiple-tabs-windows-chromium\test-failed-1.png
    ────────────────────────────────────────────────────────────────────────────────────────────────

    Error Context: ..\test-results\access.control-Access-Cont-516df--from-multiple-tabs-windows-chromium\error-context.md

    attachment #3: trace (application/zip) ─────────────────────────────────────────────────────────
    ..\test-results\access.control-Access-Cont-516df--from-multiple-tabs-windows-chromium\trace.zip
    Usage:

        npx playwright show-trace ..\test-results\access.control-Access-Cont-516df--from-multiple-tabs-windows-chromium\trace.zip

    ────────────────────────────────────────────────────────────────────────────────────────────────

    Retry #1 ───────────────────────────────────────────────────────────────────────────────────────

    Error: expect(received).toBe(expected) // Object.is equality

    Expected: true
    Received: false

      165 |             // Login in first tab
      166 |             await authPage.login();
    > 167 |             expect(await authPage.isLoggedIn()).toBe(true);
          |                                                 ^
      168 |
      169 |             // Open second tab/page
      170 |             const secondPage = await context.newPage();
        at C:\Users\Carlo\qa-assessment-fastapi-playwright-carlos-daniel\tests\access.control.spec.ts:167:49

    attachment #1: screenshot (image/png) ──────────────────────────────────────────────────────────
    ..\test-results\access.control-Access-Cont-516df--from-multiple-tabs-windows-chromium-retry1\test-failed-1.png
    ────────────────────────────────────────────────────────────────────────────────────────────────

    Error Context: ..\test-results\access.control-Access-Cont-516df--from-multiple-tabs-windows-chromium-retry1\error-context.md

    attachment #3: trace (application/zip) ─────────────────────────────────────────────────────────
    ..\test-results\access.control-Access-Cont-516df--from-multiple-tabs-windows-chromium-retry1\trace.zip
    Usage:

        npx playwright show-trace ..\test-results\access.control-Access-Cont-516df--from-multiple-tabs-windows-chromium-retry1\trace.zip

    ────────────────────────────────────────────────────────────────────────────────────────────────
]]>
</failure>
<system-out>
<![CDATA[
[[ATTACHMENT|..\test-results\access.control-Access-Cont-516df--from-multiple-tabs-windows-chromium\test-failed-1.png]]

[[ATTACHMENT|..\test-results\access.control-Access-Cont-516df--from-multiple-tabs-windows-chromium\error-context.md]]

[[ATTACHMENT|..\test-results\access.control-Access-Cont-516df--from-multiple-tabs-windows-chromium\trace.zip]]

[[ATTACHMENT|..\test-results\access.control-Access-Cont-516df--from-multiple-tabs-windows-chromium-retry1\test-failed-1.png]]

[[ATTACHMENT|..\test-results\access.control-Access-Cont-516df--from-multiple-tabs-windows-chromium-retry1\error-context.md]]

[[ATTACHMENT|..\test-results\access.control-Access-Cont-516df--from-multiple-tabs-windows-chromium-retry1\trace.zip]]
]]>
</system-out>
</testcase>
<testcase name="Access Control &amp; Authorization › Logout Behavior › should handle logout when already logged out" classname="access.control.spec.ts" time="13.073">
<system-out>
<![CDATA[Direct logout URL not available
]]>
</system-out>
</testcase>
<testcase name="Access Control &amp; Authorization › Session Management › should maintain session across page navigation" classname="access.control.spec.ts" time="23.584">
<failure message="access.control.spec.ts:218:13 should maintain session across page navigation" type="FAILURE">
<![CDATA[  [chromium] › access.control.spec.ts:218:13 › Access Control & Authorization › Session Management › should maintain session across page navigation 

    Error: expect(received).toBe(expected) // Object.is equality

    Expected: true
    Received: false

      219 |             // Login
      220 |             await authPage.login();
    > 221 |             expect(await authPage.isLoggedIn()).toBe(true);
          |                                                 ^
      222 |
      223 |             // Navigate to different pages
      224 |             const pages = ['/dashboard', '/profile', '/settings', '/'];
        at C:\Users\Carlo\qa-assessment-fastapi-playwright-carlos-daniel\tests\access.control.spec.ts:221:49

    attachment #1: screenshot (image/png) ──────────────────────────────────────────────────────────
    ..\test-results\access.control-Access-Cont-98be1-sion-across-page-navigation-chromium\test-failed-1.png
    ────────────────────────────────────────────────────────────────────────────────────────────────

    Error Context: ..\test-results\access.control-Access-Cont-98be1-sion-across-page-navigation-chromium\error-context.md

    attachment #3: trace (application/zip) ─────────────────────────────────────────────────────────
    ..\test-results\access.control-Access-Cont-98be1-sion-across-page-navigation-chromium\trace.zip
    Usage:

        npx playwright show-trace ..\test-results\access.control-Access-Cont-98be1-sion-across-page-navigation-chromium\trace.zip

    ────────────────────────────────────────────────────────────────────────────────────────────────

    Retry #1 ───────────────────────────────────────────────────────────────────────────────────────

    Error: expect(received).toBe(expected) // Object.is equality

    Expected: true
    Received: false

      219 |             // Login
      220 |             await authPage.login();
    > 221 |             expect(await authPage.isLoggedIn()).toBe(true);
          |                                                 ^
      222 |
      223 |             // Navigate to different pages
      224 |             const pages = ['/dashboard', '/profile', '/settings', '/'];
        at C:\Users\Carlo\qa-assessment-fastapi-playwright-carlos-daniel\tests\access.control.spec.ts:221:49

    attachment #1: screenshot (image/png) ──────────────────────────────────────────────────────────
    ..\test-results\access.control-Access-Cont-98be1-sion-across-page-navigation-chromium-retry1\test-failed-1.png
    ────────────────────────────────────────────────────────────────────────────────────────────────

    Error Context: ..\test-results\access.control-Access-Cont-98be1-sion-across-page-navigation-chromium-retry1\error-context.md

    attachment #3: trace (application/zip) ─────────────────────────────────────────────────────────
    ..\test-results\access.control-Access-Cont-98be1-sion-across-page-navigation-chromium-retry1\trace.zip
    Usage:

        npx playwright show-trace ..\test-results\access.control-Access-Cont-98be1-sion-across-page-navigation-chromium-retry1\trace.zip

    ────────────────────────────────────────────────────────────────────────────────────────────────
]]>
</failure>
<system-out>
<![CDATA[
[[ATTACHMENT|..\test-results\access.control-Access-Cont-98be1-sion-across-page-navigation-chromium\test-failed-1.png]]

[[ATTACHMENT|..\test-results\access.control-Access-Cont-98be1-sion-across-page-navigation-chromium\error-context.md]]

[[ATTACHMENT|..\test-results\access.control-Access-Cont-98be1-sion-across-page-navigation-chromium\trace.zip]]

[[ATTACHMENT|..\test-results\access.control-Access-Cont-98be1-sion-across-page-navigation-chromium-retry1\test-failed-1.png]]

[[ATTACHMENT|..\test-results\access.control-Access-Cont-98be1-sion-across-page-navigation-chromium-retry1\error-context.md]]

[[ATTACHMENT|..\test-results\access.control-Access-Cont-98be1-sion-across-page-navigation-chromium-retry1\trace.zip]]
]]>
</system-out>
</testcase>
<testcase name="Access Control &amp; Authorization › Session Management › should handle page refresh while logged in" classname="access.control.spec.ts" time="24.203">
<failure message="access.control.spec.ts:236:13 should handle page refresh while logged in" type="FAILURE">
<![CDATA[  [chromium] › access.control.spec.ts:236:13 › Access Control & Authorization › Session Management › should handle page refresh while logged in 

    Error: expect(received).toBe(expected) // Object.is equality

    Expected: true
    Received: false

      238 |             await authPage.login();
      239 |             await page.goto('/dashboard');
    > 240 |             expect(await authPage.isLoggedIn()).toBe(true);
          |                                                 ^
      241 |
      242 |             // Refresh page multiple times
      243 |             for (let i = 0; i < 3; i++) {
        at C:\Users\Carlo\qa-assessment-fastapi-playwright-carlos-daniel\tests\access.control.spec.ts:240:49

    attachment #1: screenshot (image/png) ──────────────────────────────────────────────────────────
    ..\test-results\access.control-Access-Cont-57a54-age-refresh-while-logged-in-chromium\test-failed-1.png
    ────────────────────────────────────────────────────────────────────────────────────────────────

    Error Context: ..\test-results\access.control-Access-Cont-57a54-age-refresh-while-logged-in-chromium\error-context.md

    attachment #3: trace (application/zip) ─────────────────────────────────────────────────────────
    ..\test-results\access.control-Access-Cont-57a54-age-refresh-while-logged-in-chromium\trace.zip
    Usage:

        npx playwright show-trace ..\test-results\access.control-Access-Cont-57a54-age-refresh-while-logged-in-chromium\trace.zip

    ────────────────────────────────────────────────────────────────────────────────────────────────

    Retry #1 ───────────────────────────────────────────────────────────────────────────────────────

    Error: expect(received).toBe(expected) // Object.is equality

    Expected: true
    Received: false

      238 |             await authPage.login();
      239 |             await page.goto('/dashboard');
    > 240 |             expect(await authPage.isLoggedIn()).toBe(true);
          |                                                 ^
      241 |
      242 |             // Refresh page multiple times
      243 |             for (let i = 0; i < 3; i++) {
        at C:\Users\Carlo\qa-assessment-fastapi-playwright-carlos-daniel\tests\access.control.spec.ts:240:49

    attachment #1: screenshot (image/png) ──────────────────────────────────────────────────────────
    ..\test-results\access.control-Access-Cont-57a54-age-refresh-while-logged-in-chromium-retry1\test-failed-1.png
    ────────────────────────────────────────────────────────────────────────────────────────────────

    Error Context: ..\test-results\access.control-Access-Cont-57a54-age-refresh-while-logged-in-chromium-retry1\error-context.md

    attachment #3: trace (application/zip) ─────────────────────────────────────────────────────────
    ..\test-results\access.control-Access-Cont-57a54-age-refresh-while-logged-in-chromium-retry1\trace.zip
    Usage:

        npx playwright show-trace ..\test-results\access.control-Access-Cont-57a54-age-refresh-while-logged-in-chromium-retry1\trace.zip

    ────────────────────────────────────────────────────────────────────────────────────────────────
]]>
</failure>
<system-out>
<![CDATA[
[[ATTACHMENT|..\test-results\access.control-Access-Cont-57a54-age-refresh-while-logged-in-chromium\test-failed-1.png]]

[[ATTACHMENT|..\test-results\access.control-Access-Cont-57a54-age-refresh-while-logged-in-chromium\error-context.md]]

[[ATTACHMENT|..\test-results\access.control-Access-Cont-57a54-age-refresh-while-logged-in-chromium\trace.zip]]

[[ATTACHMENT|..\test-results\access.control-Access-Cont-57a54-age-refresh-while-logged-in-chromium-retry1\test-failed-1.png]]

[[ATTACHMENT|..\test-results\access.control-Access-Cont-57a54-age-refresh-while-logged-in-chromium-retry1\error-context.md]]

[[ATTACHMENT|..\test-results\access.control-Access-Cont-57a54-age-refresh-while-logged-in-chromium-retry1\trace.zip]]
]]>
</system-out>
</testcase>
<testcase name="Access Control &amp; Authorization › Session Management › should handle network interruption gracefully" classname="access.control.spec.ts" time="24.05">
<failure message="access.control.spec.ts:253:13 should handle network interruption gracefully" type="FAILURE">
<![CDATA[  [chromium] › access.control.spec.ts:253:13 › Access Control & Authorization › Session Management › should handle network interruption gracefully 

    Error: expect(received).toBe(expected) // Object.is equality

    Expected: true
    Received: false

      254 |             // Login first
      255 |             await authPage.login();
    > 256 |             expect(await authPage.isLoggedIn()).toBe(true);
          |                                                 ^
      257 |
      258 |             // TODO: Simulate network interruption
      259 |             // This is complex and might require special setup
        at C:\Users\Carlo\qa-assessment-fastapi-playwright-carlos-daniel\tests\access.control.spec.ts:256:49

    attachment #1: screenshot (image/png) ──────────────────────────────────────────────────────────
    ..\test-results\access.control-Access-Cont-5a2f3-ork-interruption-gracefully-chromium\test-failed-1.png
    ────────────────────────────────────────────────────────────────────────────────────────────────

    Error Context: ..\test-results\access.control-Access-Cont-5a2f3-ork-interruption-gracefully-chromium\error-context.md

    attachment #3: trace (application/zip) ─────────────────────────────────────────────────────────
    ..\test-results\access.control-Access-Cont-5a2f3-ork-interruption-gracefully-chromium\trace.zip
    Usage:

        npx playwright show-trace ..\test-results\access.control-Access-Cont-5a2f3-ork-interruption-gracefully-chromium\trace.zip

    ────────────────────────────────────────────────────────────────────────────────────────────────

    Retry #1 ───────────────────────────────────────────────────────────────────────────────────────

    Error: expect(received).toBe(expected) // Object.is equality

    Expected: true
    Received: false

      254 |             // Login first
      255 |             await authPage.login();
    > 256 |             expect(await authPage.isLoggedIn()).toBe(true);
          |                                                 ^
      257 |
      258 |             // TODO: Simulate network interruption
      259 |             // This is complex and might require special setup
        at C:\Users\Carlo\qa-assessment-fastapi-playwright-carlos-daniel\tests\access.control.spec.ts:256:49

    attachment #1: screenshot (image/png) ──────────────────────────────────────────────────────────
    ..\test-results\access.control-Access-Cont-5a2f3-ork-interruption-gracefully-chromium-retry1\test-failed-1.png
    ────────────────────────────────────────────────────────────────────────────────────────────────

    Error Context: ..\test-results\access.control-Access-Cont-5a2f3-ork-interruption-gracefully-chromium-retry1\error-context.md

    attachment #3: trace (application/zip) ─────────────────────────────────────────────────────────
    ..\test-results\access.control-Access-Cont-5a2f3-ork-interruption-gracefully-chromium-retry1\trace.zip
    Usage:

        npx playwright show-trace ..\test-results\access.control-Access-Cont-5a2f3-ork-interruption-gracefully-chromium-retry1\trace.zip

    ────────────────────────────────────────────────────────────────────────────────────────────────
]]>
</failure>
<system-out>
<![CDATA[
[[ATTACHMENT|..\test-results\access.control-Access-Cont-5a2f3-ork-interruption-gracefully-chromium\test-failed-1.png]]

[[ATTACHMENT|..\test-results\access.control-Access-Cont-5a2f3-ork-interruption-gracefully-chromium\error-context.md]]

[[ATTACHMENT|..\test-results\access.control-Access-Cont-5a2f3-ork-interruption-gracefully-chromium\trace.zip]]

[[ATTACHMENT|..\test-results\access.control-Access-Cont-5a2f3-ork-interruption-gracefully-chromium-retry1\test-failed-1.png]]

[[ATTACHMENT|..\test-results\access.control-Access-Cont-5a2f3-ork-interruption-gracefully-chromium-retry1\error-context.md]]

[[ATTACHMENT|..\test-results\access.control-Access-Cont-5a2f3-ork-interruption-gracefully-chromium-retry1\trace.zip]]
]]>
</system-out>
</testcase>
<testcase name="Access Control &amp; Authorization › Authentication State Edge Cases › should handle concurrent login attempts" classname="access.control.spec.ts" time="29.546">
<failure message="access.control.spec.ts:274:13 should handle concurrent login attempts" type="FAILURE">
<![CDATA[  [chromium] › access.control.spec.ts:274:13 › Access Control & Authorization › Authentication State Edge Cases › should handle concurrent login attempts 

    Error: expect(received).toBe(expected) // Object.is equality

    Expected: true
    Received: false

      293 |
      294 |             // Both should be logged in
    > 295 |             expect(await authPage1.isLoggedIn()).toBe(true);
          |                                                  ^
      296 |             expect(await authPage2.isLoggedIn()).toBe(true);
      297 |
      298 |             await page1.close();
        at C:\Users\Carlo\qa-assessment-fastapi-playwright-carlos-daniel\tests\access.control.spec.ts:295:50

    attachment #1: screenshot (image/png) ──────────────────────────────────────────────────────────
    ..\test-results\access.control-Access-Cont-c36de-e-concurrent-login-attempts-chromium\test-failed-2.png
    ────────────────────────────────────────────────────────────────────────────────────────────────

    attachment #2: screenshot (image/png) ──────────────────────────────────────────────────────────
    ..\test-results\access.control-Access-Cont-c36de-e-concurrent-login-attempts-chromium\test-failed-1.png
    ────────────────────────────────────────────────────────────────────────────────────────────────

    attachment #3: screenshot (image/png) ──────────────────────────────────────────────────────────
    ..\test-results\access.control-Access-Cont-c36de-e-concurrent-login-attempts-chromium\test-failed-3.png
    ────────────────────────────────────────────────────────────────────────────────────────────────

    attachment #4: trace (application/zip) ─────────────────────────────────────────────────────────
    ..\test-results\access.control-Access-Cont-c36de-e-concurrent-login-attempts-chromium\trace.zip
    Usage:

        npx playwright show-trace ..\test-results\access.control-Access-Cont-c36de-e-concurrent-login-attempts-chromium\trace.zip

    ────────────────────────────────────────────────────────────────────────────────────────────────

    Retry #1 ───────────────────────────────────────────────────────────────────────────────────────

    Error: expect(received).toBe(expected) // Object.is equality

    Expected: true
    Received: false

      293 |
      294 |             // Both should be logged in
    > 295 |             expect(await authPage1.isLoggedIn()).toBe(true);
          |                                                  ^
      296 |             expect(await authPage2.isLoggedIn()).toBe(true);
      297 |
      298 |             await page1.close();
        at C:\Users\Carlo\qa-assessment-fastapi-playwright-carlos-daniel\tests\access.control.spec.ts:295:50

    attachment #1: screenshot (image/png) ──────────────────────────────────────────────────────────
    ..\test-results\access.control-Access-Cont-c36de-e-concurrent-login-attempts-chromium-retry1\test-failed-3.png
    ────────────────────────────────────────────────────────────────────────────────────────────────

    attachment #2: screenshot (image/png) ──────────────────────────────────────────────────────────
    ..\test-results\access.control-Access-Cont-c36de-e-concurrent-login-attempts-chromium-retry1\test-failed-2.png
    ────────────────────────────────────────────────────────────────────────────────────────────────

    attachment #3: screenshot (image/png) ──────────────────────────────────────────────────────────
    ..\test-results\access.control-Access-Cont-c36de-e-concurrent-login-attempts-chromium-retry1\test-failed-1.png
    ────────────────────────────────────────────────────────────────────────────────────────────────

    attachment #4: trace (application/zip) ─────────────────────────────────────────────────────────
    ..\test-results\access.control-Access-Cont-c36de-e-concurrent-login-attempts-chromium-retry1\trace.zip
    Usage:

        npx playwright show-trace ..\test-results\access.control-Access-Cont-c36de-e-concurrent-login-attempts-chromium-retry1\trace.zip

    ────────────────────────────────────────────────────────────────────────────────────────────────
]]>
</failure>
<system-out>
<![CDATA[
[[ATTACHMENT|..\test-results\access.control-Access-Cont-c36de-e-concurrent-login-attempts-chromium\test-failed-2.png]]

[[ATTACHMENT|..\test-results\access.control-Access-Cont-c36de-e-concurrent-login-attempts-chromium\test-failed-1.png]]

[[ATTACHMENT|..\test-results\access.control-Access-Cont-c36de-e-concurrent-login-attempts-chromium\test-failed-3.png]]

[[ATTACHMENT|..\test-results\access.control-Access-Cont-c36de-e-concurrent-login-attempts-chromium\trace.zip]]

[[ATTACHMENT|..\test-results\access.control-Access-Cont-c36de-e-concurrent-login-attempts-chromium-retry1\test-failed-3.png]]

[[ATTACHMENT|..\test-results\access.control-Access-Cont-c36de-e-concurrent-login-attempts-chromium-retry1\test-failed-2.png]]

[[ATTACHMENT|..\test-results\access.control-Access-Cont-c36de-e-concurrent-login-attempts-chromium-retry1\test-failed-1.png]]

[[ATTACHMENT|..\test-results\access.control-Access-Cont-c36de-e-concurrent-login-attempts-chromium-retry1\trace.zip]]
]]>
</system-out>
</testcase>
<testcase name="Access Control &amp; Authorization › Authentication State Edge Cases › should redirect to original destination after login" classname="access.control.spec.ts" time="14.697">
<failure message="access.control.spec.ts:302:13 should redirect to original destination after login" type="FAILURE">
<![CDATA[  [chromium] › access.control.spec.ts:302:13 › Access Control & Authorization › Authentication State Edge Cases › should redirect to original destination after login 

    Error: expect(received).toBe(expected) // Object.is equality

    Expected: true
    Received: false

      307 |             // Should be redirected to login
      308 |             await authPage.waitForPageLoad();
    > 309 |             expect(await authPage.isOnLoginPage()).toBe(true);
          |                                                    ^
      310 |
      311 |             // Login
      312 |             await authPage.login();
        at C:\Users\Carlo\qa-assessment-fastapi-playwright-carlos-daniel\tests\access.control.spec.ts:309:52

    attachment #1: screenshot (image/png) ──────────────────────────────────────────────────────────
    ..\test-results\access.control-Access-Cont-73912-nal-destination-after-login-chromium\test-failed-1.png
    ────────────────────────────────────────────────────────────────────────────────────────────────

    Error Context: ..\test-results\access.control-Access-Cont-73912-nal-destination-after-login-chromium\error-context.md

    attachment #3: trace (application/zip) ─────────────────────────────────────────────────────────
    ..\test-results\access.control-Access-Cont-73912-nal-destination-after-login-chromium\trace.zip
    Usage:

        npx playwright show-trace ..\test-results\access.control-Access-Cont-73912-nal-destination-after-login-chromium\trace.zip

    ────────────────────────────────────────────────────────────────────────────────────────────────

    Retry #1 ───────────────────────────────────────────────────────────────────────────────────────

    Error: expect(received).toBe(expected) // Object.is equality

    Expected: true
    Received: false

      307 |             // Should be redirected to login
      308 |             await authPage.waitForPageLoad();
    > 309 |             expect(await authPage.isOnLoginPage()).toBe(true);
          |                                                    ^
      310 |
      311 |             // Login
      312 |             await authPage.login();
        at C:\Users\Carlo\qa-assessment-fastapi-playwright-carlos-daniel\tests\access.control.spec.ts:309:52

    attachment #1: screenshot (image/png) ──────────────────────────────────────────────────────────
    ..\test-results\access.control-Access-Cont-73912-nal-destination-after-login-chromium-retry1\test-failed-1.png
    ────────────────────────────────────────────────────────────────────────────────────────────────

    Error Context: ..\test-results\access.control-Access-Cont-73912-nal-destination-after-login-chromium-retry1\error-context.md

    attachment #3: trace (application/zip) ─────────────────────────────────────────────────────────
    ..\test-results\access.control-Access-Cont-73912-nal-destination-after-login-chromium-retry1\trace.zip
    Usage:

        npx playwright show-trace ..\test-results\access.control-Access-Cont-73912-nal-destination-after-login-chromium-retry1\trace.zip

    ────────────────────────────────────────────────────────────────────────────────────────────────
]]>
</failure>
<system-out>
<![CDATA[
[[ATTACHMENT|..\test-results\access.control-Access-Cont-73912-nal-destination-after-login-chromium\test-failed-1.png]]

[[ATTACHMENT|..\test-results\access.control-Access-Cont-73912-nal-destination-after-login-chromium\error-context.md]]

[[ATTACHMENT|..\test-results\access.control-Access-Cont-73912-nal-destination-after-login-chromium\trace.zip]]

[[ATTACHMENT|..\test-results\access.control-Access-Cont-73912-nal-destination-after-login-chromium-retry1\test-failed-1.png]]

[[ATTACHMENT|..\test-results\access.control-Access-Cont-73912-nal-destination-after-login-chromium-retry1\error-context.md]]

[[ATTACHMENT|..\test-results\access.control-Access-Cont-73912-nal-destination-after-login-chromium-retry1\trace.zip]]
]]>
</system-out>
</testcase>
<testcase name="Access Control &amp; Authorization › Authentication State Edge Cases › should handle malformed authentication tokens" classname="access.control.spec.ts" time="24.139">
<failure message="access.control.spec.ts:322:13 should handle malformed authentication tokens" type="FAILURE">
<![CDATA[  [chromium] › access.control.spec.ts:322:13 › Access Control & Authorization › Authentication State Edge Cases › should handle malformed authentication tokens 

    Error: expect(received).toBe(expected) // Object.is equality

    Expected: true
    Received: false

      323 |             // Login first to get valid session
      324 |             await authPage.login();
    > 325 |             expect(await authPage.isLoggedIn()).toBe(true);
          |                                                 ^
      326 |
      327 |             // TODO: Corrupt the authentication token
      328 |             // This depends on how the app stores auth tokens
        at C:\Users\Carlo\qa-assessment-fastapi-playwright-carlos-daniel\tests\access.control.spec.ts:325:49

    attachment #1: screenshot (image/png) ──────────────────────────────────────────────────────────
    ..\test-results\access.control-Access-Cont-3ecbd-ormed-authentication-tokens-chromium\test-failed-1.png
    ────────────────────────────────────────────────────────────────────────────────────────────────

    Error Context: ..\test-results\access.control-Access-Cont-3ecbd-ormed-authentication-tokens-chromium\error-context.md

    attachment #3: trace (application/zip) ─────────────────────────────────────────────────────────
    ..\test-results\access.control-Access-Cont-3ecbd-ormed-authentication-tokens-chromium\trace.zip
    Usage:

        npx playwright show-trace ..\test-results\access.control-Access-Cont-3ecbd-ormed-authentication-tokens-chromium\trace.zip

    ────────────────────────────────────────────────────────────────────────────────────────────────

    Retry #1 ───────────────────────────────────────────────────────────────────────────────────────

    Error: expect(received).toBe(expected) // Object.is equality

    Expected: true
    Received: false

      323 |             // Login first to get valid session
      324 |             await authPage.login();
    > 325 |             expect(await authPage.isLoggedIn()).toBe(true);
          |                                                 ^
      326 |
      327 |             // TODO: Corrupt the authentication token
      328 |             // This depends on how the app stores auth tokens
        at C:\Users\Carlo\qa-assessment-fastapi-playwright-carlos-daniel\tests\access.control.spec.ts:325:49

    attachment #1: screenshot (image/png) ──────────────────────────────────────────────────────────
    ..\test-results\access.control-Access-Cont-3ecbd-ormed-authentication-tokens-chromium-retry1\test-failed-1.png
    ────────────────────────────────────────────────────────────────────────────────────────────────

    Error Context: ..\test-results\access.control-Access-Cont-3ecbd-ormed-authentication-tokens-chromium-retry1\error-context.md

    attachment #3: trace (application/zip) ─────────────────────────────────────────────────────────
    ..\test-results\access.control-Access-Cont-3ecbd-ormed-authentication-tokens-chromium-retry1\trace.zip
    Usage:

        npx playwright show-trace ..\test-results\access.control-Access-Cont-3ecbd-ormed-authentication-tokens-chromium-retry1\trace.zip

    ────────────────────────────────────────────────────────────────────────────────────────────────
]]>
</failure>
<system-out>
<![CDATA[
[[ATTACHMENT|..\test-results\access.control-Access-Cont-3ecbd-ormed-authentication-tokens-chromium\test-failed-1.png]]

[[ATTACHMENT|..\test-results\access.control-Access-Cont-3ecbd-ormed-authentication-tokens-chromium\error-context.md]]

[[ATTACHMENT|..\test-results\access.control-Access-Cont-3ecbd-ormed-authentication-tokens-chromium\trace.zip]]

[[ATTACHMENT|..\test-results\access.control-Access-Cont-3ecbd-ormed-authentication-tokens-chromium-retry1\test-failed-1.png]]

[[ATTACHMENT|..\test-results\access.control-Access-Cont-3ecbd-ormed-authentication-tokens-chromium-retry1\error-context.md]]

[[ATTACHMENT|..\test-results\access.control-Access-Cont-3ecbd-ormed-authentication-tokens-chromium-retry1\trace.zip]]
]]>
</system-out>
</testcase>
</testsuite>
<testsuite name="auth.login.spec.ts" timestamp="2025-09-06T20:39:18.478Z" hostname="chromium" tests="10" failures="4" skipped="0" time="157.777" errors="0">
<testcase name="Authentication - Login › Positive Login Tests › should login successfully with valid admin credentials" classname="auth.login.spec.ts" time="25.017">
<failure message="auth.login.spec.ts:13:13 should login successfully with valid admin credentials" type="FAILURE">
<![CDATA[  [chromium] › auth.login.spec.ts:13:13 › Authentication - Login › Positive Login Tests › should login successfully with valid admin credentials 

    Error: expect(received).toBe(expected) // Object.is equality

    Expected: true
    Received: false

      26 |             // 2. Presence of logout button or user menu
      27 |             // 3. Absence of login form
    > 28 |             expect(await authPage.isLoggedIn()).toBe(true);
         |                                                 ^
      29 |             expect(await authPage.isOnLoginPage()).toBe(false);
      30 |
      31 |             // TODO: Verify specific post-login elements exist
        at C:\Users\Carlo\qa-assessment-fastapi-playwright-carlos-daniel\tests\auth.login.spec.ts:28:49

    attachment #1: screenshot (image/png) ──────────────────────────────────────────────────────────
    ..\test-results\auth.login-Authentication--21bc4-ith-valid-admin-credentials-chromium\test-failed-1.png
    ────────────────────────────────────────────────────────────────────────────────────────────────

    Error Context: ..\test-results\auth.login-Authentication--21bc4-ith-valid-admin-credentials-chromium\error-context.md

    attachment #3: trace (application/zip) ─────────────────────────────────────────────────────────
    ..\test-results\auth.login-Authentication--21bc4-ith-valid-admin-credentials-chromium\trace.zip
    Usage:

        npx playwright show-trace ..\test-results\auth.login-Authentication--21bc4-ith-valid-admin-credentials-chromium\trace.zip

    ────────────────────────────────────────────────────────────────────────────────────────────────

    Retry #1 ───────────────────────────────────────────────────────────────────────────────────────

    Error: expect(received).toBe(expected) // Object.is equality

    Expected: true
    Received: false

      26 |             // 2. Presence of logout button or user menu
      27 |             // 3. Absence of login form
    > 28 |             expect(await authPage.isLoggedIn()).toBe(true);
         |                                                 ^
      29 |             expect(await authPage.isOnLoginPage()).toBe(false);
      30 |
      31 |             // TODO: Verify specific post-login elements exist
        at C:\Users\Carlo\qa-assessment-fastapi-playwright-carlos-daniel\tests\auth.login.spec.ts:28:49

    attachment #1: screenshot (image/png) ──────────────────────────────────────────────────────────
    ..\test-results\auth.login-Authentication--21bc4-ith-valid-admin-credentials-chromium-retry1\test-failed-1.png
    ────────────────────────────────────────────────────────────────────────────────────────────────

    Error Context: ..\test-results\auth.login-Authentication--21bc4-ith-valid-admin-credentials-chromium-retry1\error-context.md

    attachment #3: trace (application/zip) ─────────────────────────────────────────────────────────
    ..\test-results\auth.login-Authentication--21bc4-ith-valid-admin-credentials-chromium-retry1\trace.zip
    Usage:

        npx playwright show-trace ..\test-results\auth.login-Authentication--21bc4-ith-valid-admin-credentials-chromium-retry1\trace.zip

    ────────────────────────────────────────────────────────────────────────────────────────────────
]]>
</failure>
<system-out>
<![CDATA[
[[ATTACHMENT|..\test-results\auth.login-Authentication--21bc4-ith-valid-admin-credentials-chromium\test-failed-1.png]]

[[ATTACHMENT|..\test-results\auth.login-Authentication--21bc4-ith-valid-admin-credentials-chromium\error-context.md]]

[[ATTACHMENT|..\test-results\auth.login-Authentication--21bc4-ith-valid-admin-credentials-chromium\trace.zip]]

[[ATTACHMENT|..\test-results\auth.login-Authentication--21bc4-ith-valid-admin-credentials-chromium-retry1\test-failed-1.png]]

[[ATTACHMENT|..\test-results\auth.login-Authentication--21bc4-ith-valid-admin-credentials-chromium-retry1\error-context.md]]

[[ATTACHMENT|..\test-results\auth.login-Authentication--21bc4-ith-valid-admin-credentials-chromium-retry1\trace.zip]]
]]>
</system-out>
</testcase>
<testcase name="Authentication - Login › Positive Login Tests › should maintain session after page refresh" classname="auth.login.spec.ts" time="24.226">
<failure message="auth.login.spec.ts:38:13 should maintain session after page refresh" type="FAILURE">
<![CDATA[  [chromium] › auth.login.spec.ts:38:13 › Authentication - Login › Positive Login Tests › should maintain session after page refresh 

    Error: expect(received).toBe(expected) // Object.is equality

    Expected: true
    Received: false

      39 |             // Login first
      40 |             await authPage.login();
    > 41 |             expect(await authPage.isLoggedIn()).toBe(true);
         |                                                 ^
      42 |
      43 |             // Refresh page
      44 |             await page.reload();
        at C:\Users\Carlo\qa-assessment-fastapi-playwright-carlos-daniel\tests\auth.login.spec.ts:41:49

    attachment #1: screenshot (image/png) ──────────────────────────────────────────────────────────
    ..\test-results\auth.login-Authentication--cce55--session-after-page-refresh-chromium\test-failed-1.png
    ────────────────────────────────────────────────────────────────────────────────────────────────

    Error Context: ..\test-results\auth.login-Authentication--cce55--session-after-page-refresh-chromium\error-context.md

    attachment #3: trace (application/zip) ─────────────────────────────────────────────────────────
    ..\test-results\auth.login-Authentication--cce55--session-after-page-refresh-chromium\trace.zip
    Usage:

        npx playwright show-trace ..\test-results\auth.login-Authentication--cce55--session-after-page-refresh-chromium\trace.zip

    ────────────────────────────────────────────────────────────────────────────────────────────────

    Retry #1 ───────────────────────────────────────────────────────────────────────────────────────

    Error: expect(received).toBe(expected) // Object.is equality

    Expected: true
    Received: false

      39 |             // Login first
      40 |             await authPage.login();
    > 41 |             expect(await authPage.isLoggedIn()).toBe(true);
         |                                                 ^
      42 |
      43 |             // Refresh page
      44 |             await page.reload();
        at C:\Users\Carlo\qa-assessment-fastapi-playwright-carlos-daniel\tests\auth.login.spec.ts:41:49

    attachment #1: screenshot (image/png) ──────────────────────────────────────────────────────────
    ..\test-results\auth.login-Authentication--cce55--session-after-page-refresh-chromium-retry1\test-failed-1.png
    ────────────────────────────────────────────────────────────────────────────────────────────────

    Error Context: ..\test-results\auth.login-Authentication--cce55--session-after-page-refresh-chromium-retry1\error-context.md

    attachment #3: trace (application/zip) ─────────────────────────────────────────────────────────
    ..\test-results\auth.login-Authentication--cce55--session-after-page-refresh-chromium-retry1\trace.zip
    Usage:

        npx playwright show-trace ..\test-results\auth.login-Authentication--cce55--session-after-page-refresh-chromium-retry1\trace.zip

    ────────────────────────────────────────────────────────────────────────────────────────────────
]]>
</failure>
<system-out>
<![CDATA[
[[ATTACHMENT|..\test-results\auth.login-Authentication--cce55--session-after-page-refresh-chromium\test-failed-1.png]]

[[ATTACHMENT|..\test-results\auth.login-Authentication--cce55--session-after-page-refresh-chromium\error-context.md]]

[[ATTACHMENT|..\test-results\auth.login-Authentication--cce55--session-after-page-refresh-chromium\trace.zip]]

[[ATTACHMENT|..\test-results\auth.login-Authentication--cce55--session-after-page-refresh-chromium-retry1\test-failed-1.png]]

[[ATTACHMENT|..\test-results\auth.login-Authentication--cce55--session-after-page-refresh-chromium-retry1\error-context.md]]

[[ATTACHMENT|..\test-results\auth.login-Authentication--cce55--session-after-page-refresh-chromium-retry1\trace.zip]]
]]>
</system-out>
</testcase>
<testcase name="Authentication - Login › Positive Login Tests › should redirect to intended page after login" classname="auth.login.spec.ts" time="7.915">
</testcase>
<testcase name="Authentication - Login › Negative Login Tests › should show error for invalid email and password" classname="auth.login.spec.ts" time="28.271">
<failure message="auth.login.spec.ts:69:13 should show error for invalid email and password" type="FAILURE">
<![CDATA[  [chromium] › auth.login.spec.ts:69:13 › Authentication - Login › Negative Login Tests › should show error for invalid email and password 

    Error: expect(received).toBe(expected) // Object.is equality

    Expected: true
    Received: false

      74 |             // Verify login failed
      75 |             expect(await authPage.isLoggedIn()).toBe(false);
    > 76 |             expect(await authPage.hasLoginError()).toBe(true);
         |                                                    ^
      77 |
      78 |             // TODO: Verify specific error message based on actual app behavior
      79 |             const errorMessage = await authPage.getLoginError();
        at C:\Users\Carlo\qa-assessment-fastapi-playwright-carlos-daniel\tests\auth.login.spec.ts:76:52

    attachment #1: screenshot (image/png) ──────────────────────────────────────────────────────────
    ..\test-results\auth.login-Authentication--7a610--invalid-email-and-password-chromium\test-failed-1.png
    ────────────────────────────────────────────────────────────────────────────────────────────────

    Error Context: ..\test-results\auth.login-Authentication--7a610--invalid-email-and-password-chromium\error-context.md

    attachment #3: trace (application/zip) ─────────────────────────────────────────────────────────
    ..\test-results\auth.login-Authentication--7a610--invalid-email-and-password-chromium\trace.zip
    Usage:

        npx playwright show-trace ..\test-results\auth.login-Authentication--7a610--invalid-email-and-password-chromium\trace.zip

    ────────────────────────────────────────────────────────────────────────────────────────────────

    Retry #1 ───────────────────────────────────────────────────────────────────────────────────────

    Error: expect(received).toBe(expected) // Object.is equality

    Expected: true
    Received: false

      74 |             // Verify login failed
      75 |             expect(await authPage.isLoggedIn()).toBe(false);
    > 76 |             expect(await authPage.hasLoginError()).toBe(true);
         |                                                    ^
      77 |
      78 |             // TODO: Verify specific error message based on actual app behavior
      79 |             const errorMessage = await authPage.getLoginError();
        at C:\Users\Carlo\qa-assessment-fastapi-playwright-carlos-daniel\tests\auth.login.spec.ts:76:52

    attachment #1: screenshot (image/png) ──────────────────────────────────────────────────────────
    ..\test-results\auth.login-Authentication--7a610--invalid-email-and-password-chromium-retry1\test-failed-1.png
    ────────────────────────────────────────────────────────────────────────────────────────────────

    Error Context: ..\test-results\auth.login-Authentication--7a610--invalid-email-and-password-chromium-retry1\error-context.md

    attachment #3: trace (application/zip) ─────────────────────────────────────────────────────────
    ..\test-results\auth.login-Authentication--7a610--invalid-email-and-password-chromium-retry1\trace.zip
    Usage:

        npx playwright show-trace ..\test-results\auth.login-Authentication--7a610--invalid-email-and-password-chromium-retry1\trace.zip

    ────────────────────────────────────────────────────────────────────────────────────────────────
]]>
</failure>
<system-out>
<![CDATA[
[[ATTACHMENT|..\test-results\auth.login-Authentication--7a610--invalid-email-and-password-chromium\test-failed-1.png]]

[[ATTACHMENT|..\test-results\auth.login-Authentication--7a610--invalid-email-and-password-chromium\error-context.md]]

[[ATTACHMENT|..\test-results\auth.login-Authentication--7a610--invalid-email-and-password-chromium\trace.zip]]

[[ATTACHMENT|..\test-results\auth.login-Authentication--7a610--invalid-email-and-password-chromium-retry1\test-failed-1.png]]

[[ATTACHMENT|..\test-results\auth.login-Authentication--7a610--invalid-email-and-password-chromium-retry1\error-context.md]]

[[ATTACHMENT|..\test-results\auth.login-Authentication--7a610--invalid-email-and-password-chromium-retry1\trace.zip]]
]]>
</system-out>
</testcase>
<testcase name="Authentication - Login › Negative Login Tests › should show error for malformed email" classname="auth.login.spec.ts" time="11.624">
</testcase>
<testcase name="Authentication - Login › Negative Login Tests › should show error for empty credentials" classname="auth.login.spec.ts" time="12.74">
</testcase>
<testcase name="Authentication - Login › Negative Login Tests › should show error for correct email but wrong password" classname="auth.login.spec.ts" time="29.559">
<failure message="auth.login.spec.ts:113:13 should show error for correct email but wrong password" type="FAILURE">
<![CDATA[  [chromium] › auth.login.spec.ts:113:13 › Authentication - Login › Negative Login Tests › should show error for correct email but wrong password 

    Error: expect(received).toBe(expected) // Object.is equality

    Expected: true
    Received: false

      121 |             // Verify login failed with specific error
      122 |             expect(await authPage.isLoggedIn()).toBe(false);
    > 123 |             expect(await authPage.hasLoginError()).toBe(true);
          |                                                    ^
      124 |
      125 |             const errorMessage = await authPage.getLoginError();
      126 |             // TODO: Adjust based on actual error message
        at C:\Users\Carlo\qa-assessment-fastapi-playwright-carlos-daniel\tests\auth.login.spec.ts:123:52

    attachment #1: screenshot (image/png) ──────────────────────────────────────────────────────────
    ..\test-results\auth.login-Authentication--14f8e-ct-email-but-wrong-password-chromium\test-failed-1.png
    ────────────────────────────────────────────────────────────────────────────────────────────────

    Error Context: ..\test-results\auth.login-Authentication--14f8e-ct-email-but-wrong-password-chromium\error-context.md

    attachment #3: trace (application/zip) ─────────────────────────────────────────────────────────
    ..\test-results\auth.login-Authentication--14f8e-ct-email-but-wrong-password-chromium\trace.zip
    Usage:

        npx playwright show-trace ..\test-results\auth.login-Authentication--14f8e-ct-email-but-wrong-password-chromium\trace.zip

    ────────────────────────────────────────────────────────────────────────────────────────────────

    Retry #1 ───────────────────────────────────────────────────────────────────────────────────────

    Error: expect(received).toBe(expected) // Object.is equality

    Expected: true
    Received: false

      121 |             // Verify login failed with specific error
      122 |             expect(await authPage.isLoggedIn()).toBe(false);
    > 123 |             expect(await authPage.hasLoginError()).toBe(true);
          |                                                    ^
      124 |
      125 |             const errorMessage = await authPage.getLoginError();
      126 |             // TODO: Adjust based on actual error message
        at C:\Users\Carlo\qa-assessment-fastapi-playwright-carlos-daniel\tests\auth.login.spec.ts:123:52

    attachment #1: screenshot (image/png) ──────────────────────────────────────────────────────────
    ..\test-results\auth.login-Authentication--14f8e-ct-email-but-wrong-password-chromium-retry1\test-failed-1.png
    ────────────────────────────────────────────────────────────────────────────────────────────────

    Error Context: ..\test-results\auth.login-Authentication--14f8e-ct-email-but-wrong-password-chromium-retry1\error-context.md

    attachment #3: trace (application/zip) ─────────────────────────────────────────────────────────
    ..\test-results\auth.login-Authentication--14f8e-ct-email-but-wrong-password-chromium-retry1\trace.zip
    Usage:

        npx playwright show-trace ..\test-results\auth.login-Authentication--14f8e-ct-email-but-wrong-password-chromium-retry1\trace.zip

    ────────────────────────────────────────────────────────────────────────────────────────────────
]]>
</failure>
<system-out>
<![CDATA[
[[ATTACHMENT|..\test-results\auth.login-Authentication--14f8e-ct-email-but-wrong-password-chromium\test-failed-1.png]]

[[ATTACHMENT|..\test-results\auth.login-Authentication--14f8e-ct-email-but-wrong-password-chromium\error-context.md]]

[[ATTACHMENT|..\test-results\auth.login-Authentication--14f8e-ct-email-but-wrong-password-chromium\trace.zip]]

[[ATTACHMENT|..\test-results\auth.login-Authentication--14f8e-ct-email-but-wrong-password-chromium-retry1\test-failed-1.png]]

[[ATTACHMENT|..\test-results\auth.login-Authentication--14f8e-ct-email-but-wrong-password-chromium-retry1\error-context.md]]

[[ATTACHMENT|..\test-results\auth.login-Authentication--14f8e-ct-email-but-wrong-password-chromium-retry1\trace.zip]]
]]>
</system-out>
</testcase>
<testcase name="Authentication - Login › Login Form Behavior › should focus email field on page load" classname="auth.login.spec.ts" time="5.176">
</testcase>
<testcase name="Authentication - Login › Login Form Behavior › should allow tab navigation between fields" classname="auth.login.spec.ts" time="5.714">
</testcase>
<testcase name="Authentication - Login › Login Form Behavior › should submit form on Enter key" classname="auth.login.spec.ts" time="7.535">
</testcase>
</testsuite>
<testsuite name="entities.crud.spec.ts" timestamp="2025-09-06T20:39:18.478Z" hostname="chromium" tests="14" failures="14" skipped="0" time="380.793" errors="0">
<testcase name="Entity CRUD Operations › Create Entity › should create new entity successfully" classname="entities.crud.spec.ts" time="27.408">
<failure message="entities.crud.spec.ts:30:13 should create new entity successfully" type="FAILURE">
<![CDATA[  [chromium] › entities.crud.spec.ts:30:13 › Entity CRUD Operations › Create Entity › should create new entity successfully 

    Error: expect(received).toBe(expected) // Object.is equality

    Expected: true
    Received: false

      24 |         // TODO: Skip login if test doesn't require authentication
      25 |         await authPage.login();
    > 26 |         expect(await authPage.isLoggedIn()).toBe(true);
         |                                             ^
      27 |     });
      28 |
      29 |     test.describe('Create Entity', () => {
        at C:\Users\Carlo\qa-assessment-fastapi-playwright-carlos-daniel\tests\entities.crud.spec.ts:26:45

    attachment #1: screenshot (image/png) ──────────────────────────────────────────────────────────
    ..\test-results\entities.crud-Entity-CRUD--3f5a8-ate-new-entity-successfully-chromium\test-failed-1.png
    ────────────────────────────────────────────────────────────────────────────────────────────────

    Error Context: ..\test-results\entities.crud-Entity-CRUD--3f5a8-ate-new-entity-successfully-chromium\error-context.md

    attachment #3: trace (application/zip) ─────────────────────────────────────────────────────────
    ..\test-results\entities.crud-Entity-CRUD--3f5a8-ate-new-entity-successfully-chromium\trace.zip
    Usage:

        npx playwright show-trace ..\test-results\entities.crud-Entity-CRUD--3f5a8-ate-new-entity-successfully-chromium\trace.zip

    ────────────────────────────────────────────────────────────────────────────────────────────────

    Retry #1 ───────────────────────────────────────────────────────────────────────────────────────

    Error: expect(received).toBe(expected) // Object.is equality

    Expected: true
    Received: false

      24 |         // TODO: Skip login if test doesn't require authentication
      25 |         await authPage.login();
    > 26 |         expect(await authPage.isLoggedIn()).toBe(true);
         |                                             ^
      27 |     });
      28 |
      29 |     test.describe('Create Entity', () => {
        at C:\Users\Carlo\qa-assessment-fastapi-playwright-carlos-daniel\tests\entities.crud.spec.ts:26:45

    attachment #1: screenshot (image/png) ──────────────────────────────────────────────────────────
    ..\test-results\entities.crud-Entity-CRUD--3f5a8-ate-new-entity-successfully-chromium-retry1\test-failed-1.png
    ────────────────────────────────────────────────────────────────────────────────────────────────

    Error Context: ..\test-results\entities.crud-Entity-CRUD--3f5a8-ate-new-entity-successfully-chromium-retry1\error-context.md

    attachment #3: trace (application/zip) ─────────────────────────────────────────────────────────
    ..\test-results\entities.crud-Entity-CRUD--3f5a8-ate-new-entity-successfully-chromium-retry1\trace.zip
    Usage:

        npx playwright show-trace ..\test-results\entities.crud-Entity-CRUD--3f5a8-ate-new-entity-successfully-chromium-retry1\trace.zip

    ────────────────────────────────────────────────────────────────────────────────────────────────
]]>
</failure>
<system-out>
<![CDATA[
[[ATTACHMENT|..\test-results\entities.crud-Entity-CRUD--3f5a8-ate-new-entity-successfully-chromium\test-failed-1.png]]

[[ATTACHMENT|..\test-results\entities.crud-Entity-CRUD--3f5a8-ate-new-entity-successfully-chromium\error-context.md]]

[[ATTACHMENT|..\test-results\entities.crud-Entity-CRUD--3f5a8-ate-new-entity-successfully-chromium\trace.zip]]

[[ATTACHMENT|..\test-results\entities.crud-Entity-CRUD--3f5a8-ate-new-entity-successfully-chromium-retry1\test-failed-1.png]]

[[ATTACHMENT|..\test-results\entities.crud-Entity-CRUD--3f5a8-ate-new-entity-successfully-chromium-retry1\error-context.md]]

[[ATTACHMENT|..\test-results\entities.crud-Entity-CRUD--3f5a8-ate-new-entity-successfully-chromium-retry1\trace.zip]]
]]>
</system-out>
</testcase>
<testcase name="Entity CRUD Operations › Create Entity › should validate required fields on create" classname="entities.crud.spec.ts" time="27.127">
<failure message="entities.crud.spec.ts:53:13 should validate required fields on create" type="FAILURE">
<![CDATA[  [chromium] › entities.crud.spec.ts:53:13 › Entity CRUD Operations › Create Entity › should validate required fields on create 

    Error: expect(received).toBe(expected) // Object.is equality

    Expected: true
    Received: false

      24 |         // TODO: Skip login if test doesn't require authentication
      25 |         await authPage.login();
    > 26 |         expect(await authPage.isLoggedIn()).toBe(true);
         |                                             ^
      27 |     });
      28 |
      29 |     test.describe('Create Entity', () => {
        at C:\Users\Carlo\qa-assessment-fastapi-playwright-carlos-daniel\tests\entities.crud.spec.ts:26:45

    attachment #1: screenshot (image/png) ──────────────────────────────────────────────────────────
    ..\test-results\entities.crud-Entity-CRUD--0fdb0-e-required-fields-on-create-chromium\test-failed-1.png
    ────────────────────────────────────────────────────────────────────────────────────────────────

    Error Context: ..\test-results\entities.crud-Entity-CRUD--0fdb0-e-required-fields-on-create-chromium\error-context.md

    attachment #3: trace (application/zip) ─────────────────────────────────────────────────────────
    ..\test-results\entities.crud-Entity-CRUD--0fdb0-e-required-fields-on-create-chromium\trace.zip
    Usage:

        npx playwright show-trace ..\test-results\entities.crud-Entity-CRUD--0fdb0-e-required-fields-on-create-chromium\trace.zip

    ────────────────────────────────────────────────────────────────────────────────────────────────

    Retry #1 ───────────────────────────────────────────────────────────────────────────────────────

    Error: expect(received).toBe(expected) // Object.is equality

    Expected: true
    Received: false

      24 |         // TODO: Skip login if test doesn't require authentication
      25 |         await authPage.login();
    > 26 |         expect(await authPage.isLoggedIn()).toBe(true);
         |                                             ^
      27 |     });
      28 |
      29 |     test.describe('Create Entity', () => {
        at C:\Users\Carlo\qa-assessment-fastapi-playwright-carlos-daniel\tests\entities.crud.spec.ts:26:45

    attachment #1: screenshot (image/png) ──────────────────────────────────────────────────────────
    ..\test-results\entities.crud-Entity-CRUD--0fdb0-e-required-fields-on-create-chromium-retry1\test-failed-1.png
    ────────────────────────────────────────────────────────────────────────────────────────────────

    Error Context: ..\test-results\entities.crud-Entity-CRUD--0fdb0-e-required-fields-on-create-chromium-retry1\error-context.md

    attachment #3: trace (application/zip) ─────────────────────────────────────────────────────────
    ..\test-results\entities.crud-Entity-CRUD--0fdb0-e-required-fields-on-create-chromium-retry1\trace.zip
    Usage:

        npx playwright show-trace ..\test-results\entities.crud-Entity-CRUD--0fdb0-e-required-fields-on-create-chromium-retry1\trace.zip

    ────────────────────────────────────────────────────────────────────────────────────────────────
]]>
</failure>
<system-out>
<![CDATA[
[[ATTACHMENT|..\test-results\entities.crud-Entity-CRUD--0fdb0-e-required-fields-on-create-chromium\test-failed-1.png]]

[[ATTACHMENT|..\test-results\entities.crud-Entity-CRUD--0fdb0-e-required-fields-on-create-chromium\error-context.md]]

[[ATTACHMENT|..\test-results\entities.crud-Entity-CRUD--0fdb0-e-required-fields-on-create-chromium\trace.zip]]

[...]

    Expected: true
    Received: false

      123 |             // Login first
      124 |             await authPage.login();
    > 125 |             expect(await authPage.isLoggedIn()).toBe(true);
          |                                                 ^
      126 |
      127 |             // Logout
      128 |             await authPage.logout();
        at C:\Users\Carlo\qa-assessment-fastapi-playwright-carlos-daniel\tests\access.control.spec.ts:125:49

    attachment #1: screenshot (image/png) ──────────────────────────────────────────────────────────
    ..\test-results\access.control-Access-Cont-04b09-cessfully-and-clear-session-webkit\test-failed-1.png
    ────────────────────────────────────────────────────────────────────────────────────────────────

    Error Context: ..\test-results\access.control-Access-Cont-04b09-cessfully-and-clear-session-webkit\error-context.md

    attachment #3: trace (application/zip) ─────────────────────────────────────────────────────────
    ..\test-results\access.control-Access-Cont-04b09-cessfully-and-clear-session-webkit\trace.zip
    Usage:

        npx playwright show-trace ..\test-results\access.control-Access-Cont-04b09-cessfully-and-clear-session-webkit\trace.zip

    ────────────────────────────────────────────────────────────────────────────────────────────────

    Retry #1 ───────────────────────────────────────────────────────────────────────────────────────

    Test was interrupted.

    Error: expect(received).toBe(expected) // Object.is equality

    Expected: true
    Received: false

      123 |             // Login first
      124 |             await authPage.login();
    > 125 |             expect(await authPage.isLoggedIn()).toBe(true);
          |                                                 ^
      126 |
      127 |             // Logout
      128 |             await authPage.logout();
        at C:\Users\Carlo\qa-assessment-fastapi-playwright-carlos-daniel\tests\access.control.spec.ts:125:49

    attachment #1: screenshot (image/png) ──────────────────────────────────────────────────────────
    ..\test-results\access.control-Access-Cont-04b09-cessfully-and-clear-session-webkit-retry1\test-failed-1.png
    ────────────────────────────────────────────────────────────────────────────────────────────────

    Error Context: ..\test-results\access.control-Access-Cont-04b09-cessfully-and-clear-session-webkit-retry1\error-context.md

    attachment #3: trace (application/zip) ─────────────────────────────────────────────────────────
    ..\test-results\access.control-Access-Cont-04b09-cessfully-and-clear-session-webkit-retry1\trace.zip
    Usage:

        npx playwright show-trace ..\test-results\access.control-Access-Cont-04b09-cessfully-and-clear-session-webkit-retry1\trace.zip

    ────────────────────────────────────────────────────────────────────────────────────────────────
]]>
</failure>
<system-out>
<![CDATA[
[[ATTACHMENT|..\test-results\access.control-Access-Cont-04b09-cessfully-and-clear-session-webkit\test-failed-1.png]]

[[ATTACHMENT|..\test-results\access.control-Access-Cont-04b09-cessfully-and-clear-session-webkit\error-context.md]]

[[ATTACHMENT|..\test-results\access.control-Access-Cont-04b09-cessfully-and-clear-session-webkit\trace.zip]]

[[ATTACHMENT|..\test-results\access.control-Access-Cont-04b09-cessfully-and-clear-session-webkit-retry1\test-failed-1.png]]

[[ATTACHMENT|..\test-results\access.control-Access-Cont-04b09-cessfully-and-clear-session-webkit-retry1\error-context.md]]

[[ATTACHMENT|..\test-results\access.control-Access-Cont-04b09-cessfully-and-clear-session-webkit-retry1\trace.zip]]
]]>
</system-out>
</testcase>
<testcase name="Access Control &amp; Authorization › Logout Behavior › should prevent back button access to protected pages after logout" classname="access.control.spec.ts" time="24.142">
<failure message="access.control.spec.ts:140:13 should prevent back button access to protected pages after logout" type="FAILURE">
<![CDATA[  [webkit] › access.control.spec.ts:140:13 › Access Control & Authorization › Logout Behavior › should prevent back button access to protected pages after logout 

    Error: expect(received).toBe(expected) // Object.is equality

    Expected: true
    Received: false

      143 |             await page.goto('/dashboard');
      144 |             await authPage.waitForPageLoad();
    > 145 |             expect(await authPage.isLoggedIn()).toBe(true);
          |                                                 ^
      146 |
      147 |             // Logout
      148 |             await authPage.logout();
        at C:\Users\Carlo\qa-assessment-fastapi-playwright-carlos-daniel\tests\access.control.spec.ts:145:49

    attachment #1: screenshot (image/png) ──────────────────────────────────────────────────────────
    ..\test-results\access.control-Access-Cont-3613f-rotected-pages-after-logout-webkit\test-failed-1.png
    ────────────────────────────────────────────────────────────────────────────────────────────────

    Error Context: ..\test-results\access.control-Access-Cont-3613f-rotected-pages-after-logout-webkit\error-context.md

    attachment #3: trace (application/zip) ─────────────────────────────────────────────────────────
    ..\test-results\access.control-Access-Cont-3613f-rotected-pages-after-logout-webkit\trace.zip
    Usage:

        npx playwright show-trace ..\test-results\access.control-Access-Cont-3613f-rotected-pages-after-logout-webkit\trace.zip

    ────────────────────────────────────────────────────────────────────────────────────────────────

    Retry #1 ───────────────────────────────────────────────────────────────────────────────────────

    Test was interrupted.

    Error: expect(received).toBe(expected) // Object.is equality

    Expected: true
    Received: false

      143 |             await page.goto('/dashboard');
      144 |             await authPage.waitForPageLoad();
    > 145 |             expect(await authPage.isLoggedIn()).toBe(true);
          |                                                 ^
      146 |
      147 |             // Logout
      148 |             await authPage.logout();
        at C:\Users\Carlo\qa-assessment-fastapi-playwright-carlos-daniel\tests\access.control.spec.ts:145:49

    attachment #1: screenshot (image/png) ──────────────────────────────────────────────────────────
    ..\test-results\access.control-Access-Cont-3613f-rotected-pages-after-logout-webkit-retry1\test-failed-1.png
    ────────────────────────────────────────────────────────────────────────────────────────────────

    attachment #2: trace (application/zip) ─────────────────────────────────────────────────────────
    ..\test-results\access.control-Access-Cont-3613f-rotected-pages-after-logout-webkit-retry1\trace.zip
    Usage:

        npx playwright show-trace ..\test-results\access.control-Access-Cont-3613f-rotected-pages-after-logout-webkit-retry1\trace.zip

    ────────────────────────────────────────────────────────────────────────────────────────────────
]]>
</failure>
<system-out>
<![CDATA[
[[ATTACHMENT|..\test-results\access.control-Access-Cont-3613f-rotected-pages-after-logout-webkit\test-failed-1.png]]

[[ATTACHMENT|..\test-results\access.control-Access-Cont-3613f-rotected-pages-after-logout-webkit\error-context.md]]

[[ATTACHMENT|..\test-results\access.control-Access-Cont-3613f-rotected-pages-after-logout-webkit\trace.zip]]

[[ATTACHMENT|..\test-results\access.control-Access-Cont-3613f-rotected-pages-after-logout-webkit-retry1\test-failed-1.png]]

[[ATTACHMENT|..\test-results\access.control-Access-Cont-3613f-rotected-pages-after-logout-webkit-retry1\trace.zip]]
]]>
</system-out>
</testcase>
<testcase name="Access Control &amp; Authorization › Logout Behavior › should handle logout from multiple tabs/windows" classname="access.control.spec.ts" time="20.983">
<failure message="access.control.spec.ts:164:13 should handle logout from multiple tabs/windows" type="FAILURE">
<![CDATA[  [webkit] › access.control.spec.ts:164:13 › Access Control & Authorization › Logout Behavior › should handle logout from multiple tabs/windows 

    Error: expect(received).toBe(expected) // Object.is equality

    Expected: true
    Received: false

      165 |             // Login in first tab
      166 |             await authPage.login();
    > 167 |             expect(await authPage.isLoggedIn()).toBe(true);
          |                                                 ^
      168 |
      169 |             // Open second tab/page
      170 |             const secondPage = await context.newPage();
        at C:\Users\Carlo\qa-assessment-fastapi-playwright-carlos-daniel\tests\access.control.spec.ts:167:49

    attachment #1: screenshot (image/png) ──────────────────────────────────────────────────────────
    ..\test-results\access.control-Access-Cont-516df--from-multiple-tabs-windows-webkit\test-failed-1.png
    ────────────────────────────────────────────────────────────────────────────────────────────────

    Error Context: ..\test-results\access.control-Access-Cont-516df--from-multiple-tabs-windows-webkit\error-context.md

    attachment #3: trace (application/zip) ─────────────────────────────────────────────────────────
    ..\test-results\access.control-Access-Cont-516df--from-multiple-tabs-windows-webkit\trace.zip
    Usage:

        npx playwright show-trace ..\test-results\access.control-Access-Cont-516df--from-multiple-tabs-windows-webkit\trace.zip

    ────────────────────────────────────────────────────────────────────────────────────────────────

    Retry #1 ───────────────────────────────────────────────────────────────────────────────────────

    Test was interrupted.

    Error: expect(received).toBe(expected) // Object.is equality

    Expected: true
    Received: false

      165 |             // Login in first tab
      166 |             await authPage.login();
    > 167 |             expect(await authPage.isLoggedIn()).toBe(true);
          |                                                 ^
      168 |
      169 |             // Open second tab/page
      170 |             const secondPage = await context.newPage();
        at C:\Users\Carlo\qa-assessment-fastapi-playwright-carlos-daniel\tests\access.control.spec.ts:167:49

    attachment #1: screenshot (image/png) ──────────────────────────────────────────────────────────
    ..\test-results\access.control-Access-Cont-516df--from-multiple-tabs-windows-webkit-retry1\test-failed-1.png
    ────────────────────────────────────────────────────────────────────────────────────────────────

    attachment #2: trace (application/zip) ─────────────────────────────────────────────────────────
    ..\test-results\access.control-Access-Cont-516df--from-multiple-tabs-windows-webkit-retry1\trace.zip
    Usage:

        npx playwright show-trace ..\test-results\access.control-Access-Cont-516df--from-multiple-tabs-windows-webkit-retry1\trace.zip

    ────────────────────────────────────────────────────────────────────────────────────────────────
]]>
</failure>
<system-out>
<![CDATA[
[[ATTACHMENT|..\test-results\access.control-Access-Cont-516df--from-multiple-tabs-windows-webkit\test-failed-1.png]]

[[ATTACHMENT|..\test-results\access.control-Access-Cont-516df--from-multiple-tabs-windows-webkit\error-context.md]]

[[ATTACHMENT|..\test-results\access.control-Access-Cont-516df--from-multiple-tabs-windows-webkit\trace.zip]]

[[ATTACHMENT|..\test-results\access.control-Access-Cont-516df--from-multiple-tabs-windows-webkit-retry1\test-failed-1.png]]

[[ATTACHMENT|..\test-results\access.control-Access-Cont-516df--from-multiple-tabs-windows-webkit-retry1\trace.zip]]
]]>
</system-out>
</testcase>
<testcase name="Access Control &amp; Authorization › Logout Behavior › should handle logout when already logged out" classname="access.control.spec.ts" time="12.938">
<system-out>
<![CDATA[Direct logout URL not available
]]>
</system-out>
</testcase>
<testcase name="Access Control &amp; Authorization › Session Management › should maintain session across page navigation" classname="access.control.spec.ts" time="12.363">
<failure message="access.control.spec.ts:218:13 should maintain session across page navigation" type="FAILURE">
<![CDATA[  [webkit] › access.control.spec.ts:218:13 › Access Control & Authorization › Session Management › should maintain session across page navigation 

    Error: expect(received).toBe(expected) // Object.is equality

    Expected: true
    Received: false

      219 |             // Login
      220 |             await authPage.login();
    > 221 |             expect(await authPage.isLoggedIn()).toBe(true);
          |                                                 ^
      222 |
      223 |             // Navigate to different pages
      224 |             const pages = ['/dashboard', '/profile', '/settings', '/'];
        at C:\Users\Carlo\qa-assessment-fastapi-playwright-carlos-daniel\tests\access.control.spec.ts:221:49

    attachment #1: screenshot (image/png) ──────────────────────────────────────────────────────────
    ..\test-results\access.control-Access-Cont-98be1-sion-across-page-navigation-webkit\test-failed-1.png
    ────────────────────────────────────────────────────────────────────────────────────────────────

    Error Context: ..\test-results\access.control-Access-Cont-98be1-sion-across-page-navigation-webkit\error-context.md

    attachment #3: trace (application/zip) ─────────────────────────────────────────────────────────
    ..\test-results\access.control-Access-Cont-98be1-sion-across-page-navigation-webkit\trace.zip
    Usage:

        npx playwright show-trace ..\test-results\access.control-Access-Cont-98be1-sion-across-page-navigation-webkit\trace.zip

    ────────────────────────────────────────────────────────────────────────────────────────────────
]]>
</failure>
<system-out>
<![CDATA[
[[ATTACHMENT|..\test-results\access.control-Access-Cont-98be1-sion-across-page-navigation-webkit\test-failed-1.png]]

[[ATTACHMENT|..\test-results\access.control-Access-Cont-98be1-sion-across-page-navigation-webkit\error-context.md]]

[[ATTACHMENT|..\test-results\access.control-Access-Cont-98be1-sion-across-page-navigation-webkit\trace.zip]]
]]>
</system-out>
</testcase>
<testcase name="Access Control &amp; Authorization › Session Management › should handle page refresh while logged in" classname="access.control.spec.ts" time="13.392">
<skipped>
</skipped>
</testcase>
<testcase name="Access Control &amp; Authorization › Session Management › should handle network interruption gracefully" classname="access.control.spec.ts" time="9.42">
<skipped>
</skipped>
</testcase>
<testcase name="Access Control &amp; Authorization › Authentication State Edge Cases › should handle concurrent login attempts" classname="access.control.spec.ts" time="8.207">
<skipped>
</skipped>
</testcase>
<testcase name="Access Control &amp; Authorization › Authentication State Edge Cases › should redirect to original destination after login" classname="access.control.spec.ts" time="0">
<skipped>
</skipped>
</testcase>
<testcase name="Access Control &amp; Authorization › Authentication State Edge Cases › should handle malformed authentication tokens" classname="access.control.spec.ts" time="0">
<skipped>
</skipped>
</testcase>
</testsuite>
<testsuite name="auth.login.spec.ts" timestamp="2025-09-06T20:39:18.478Z" hostname="webkit" tests="10" failures="0" skipped="10" time="0" errors="0">
<testcase name="Authentication - Login › Positive Login Tests › should login successfully with valid admin credentials" classname="auth.login.spec.ts" time="0">
<skipped>
</skipped>
</testcase>
<testcase name="Authentication - Login › Positive Login Tests › should maintain session after page refresh" classname="auth.login.spec.ts" time="0">
<skipped>
</skipped>
</testcase>
<testcase name="Authentication - Login › Positive Login Tests › should redirect to intended page after login" classname="auth.login.spec.ts" time="0">
<skipped>
</skipped>
</testcase>
<testcase name="Authentication - Login › Negative Login Tests › should show error for invalid email and password" classname="auth.login.spec.ts" time="0">
<skipped>
</skipped>
</testcase>
<testcase name="Authentication - Login › Negative Login Tests › should show error for malformed email" classname="auth.login.spec.ts" time="0">
<skipped>
</skipped>
</testcase>
<testcase name="Authentication - Login › Negative Login Tests › should show error for empty credentials" classname="auth.login.spec.ts" time="0">
<skipped>
</skipped>
</testcase>
<testcase name="Authentication - Login › Negative Login Tests › should show error for correct email but wrong password" classname="auth.login.spec.ts" time="0">
<skipped>
</skipped>
</testcase>
<testcase name="Authentication - Login › Login Form Behavior › should focus email field on page load" classname="auth.login.spec.ts" time="0">
<skipped>
</skipped>
</testcase>
<testcase name="Authentication - Login › Login Form Behavior › should allow tab navigation between fields" classname="auth.login.spec.ts" time="0">
<skipped>
</skipped>
</testcase>
<testcase name="Authentication - Login › Login Form Behavior › should submit form on Enter key" classname="auth.login.spec.ts" time="0">
<skipped>
</skipped>
</testcase>
</testsuite>
<testsuite name="entities.crud.spec.ts" timestamp="2025-09-06T20:39:18.478Z" hostname="webkit" tests="14" failures="0" skipped="14" time="0" errors="0">
<testcase name="Entity CRUD Operations › Create Entity › should create new entity successfully" classname="entities.crud.spec.ts" time="0">
<skipped>
</skipped>
</testcase>
<testcase name="Entity CRUD Operations › Create Entity › should validate required fields on create" classname="entities.crud.spec.ts" time="0">
<skipped>
</skipped>
</testcase>
<testcase name="Entity CRUD Operations › Create Entity › should handle create form cancellation" classname="entities.crud.spec.ts" time="0">
<skipped>
</skipped>
</testcase>
<testcase name="Entity CRUD Operations › Read/View Entity › should display entity list" classname="entities.crud.spec.ts" time="0">
<skipped>
</skipped>
</testcase>
<testcase name="Entity CRUD Operations › Read/View Entity › should handle empty list state" classname="entities.crud.spec.ts" time="0">
<skipped>
</skipped>
</testcase>
<testcase name="Entity CRUD Operations › Update Entity › should update existing entity successfully" classname="entities.crud.spec.ts" time="0">
<skipped>
</skipped>
</testcase>
<testcase name="Entity CRUD Operations › Update Entity › should validate fields on update" classname="entities.crud.spec.ts" time="0">
<skipped>
</skipped>
</testcase>
<testcase name="Entity CRUD Operations › Update Entity › should handle update form cancellation" classname="entities.crud.spec.ts" time="0">
<skipped>
</skipped>
</testcase>
<testcase name="Entity CRUD Operations › Delete Entity › should delete entity successfully" classname="entities.crud.spec.ts" time="0">
<skipped>
</skipped>
</testcase>
<testcase name="Entity CRUD Operations › Delete Entity › should handle delete confirmation dialog" classname="entities.crud.spec.ts" time="0">
<skipped>
</skipped>
</testcase>
<testcase name="Entity CRUD Operations › Delete Entity › should prevent deletion of non-existent entity" classname="entities.crud.spec.ts" time="0">
<skipped>
</skipped>
</testcase>
<testcase name="Entity CRUD Operations › Entity List Features › should support search/filter functionality" classname="entities.crud.spec.ts" time="0">
<skipped>
</skipped>
</testcase>
<testcase name="Entity CRUD Operations › Entity List Features › should support pagination if applicable" classname="entities.crud.spec.ts" time="0">
<skipped>
</skipped>
</testcase>
<testcase name="Entity CRUD Operations › Entity List Features › should support sorting if applicable" classname="entities.crud.spec.ts" time="0">
<skipped>
</skipped>
</testcase>
</testsuite>
</testsuites>